  Draw.cpp
D:\CSCI3260\csci3260proj\csci3260proj\Draw.cpp(24,22): warning C4244: 'argument': conversion from 'double' to 'unsigned int', possible loss of data
D:\CSCI3260\csci3260proj\csci3260proj\Draw.cpp(43,17): warning C4244: 'initializing': conversion from 'double' to 'GLfloat', possible loss of data
D:\CSCI3260\csci3260proj\csci3260proj\Draw.cpp(46,20): warning C4244: 'initializing': conversion from 'int' to 'GLfloat', possible loss of data
  main.cpp
D:\CSCI3260\csci3260proj\csci3260proj\main.cpp(309,21): warning C4244: 'initializing': conversion from 'double' to 'float', possible loss of data
D:\CSCI3260\csci3260proj\csci3260proj\main.cpp(359,79): warning C4267: 'argument': conversion from 'size_t' to 'GLsizei', possible loss of data
D:\CSCI3260\csci3260proj\csci3260proj\main.cpp(381,75): warning C4267: 'argument': conversion from 'size_t' to 'GLsizei', possible loss of data
D:\CSCI3260\csci3260proj\csci3260proj\main.cpp(415,77): warning C4267: 'argument': conversion from 'size_t' to 'GLsizei', possible loss of data
D:\CSCI3260\csci3260proj\csci3260proj\main.cpp(436,75): warning C4267: 'argument': conversion from 'size_t' to 'GLsizei', possible loss of data
D:\CSCI3260\csci3260proj\csci3260proj\main.cpp(459,74): warning C4267: 'argument': conversion from 'size_t' to 'GLsizei', possible loss of data
D:\CSCI3260\csci3260proj\csci3260proj\main.cpp(484,77): warning C4267: 'argument': conversion from 'size_t' to 'GLsizei', possible loss of data
D:\CSCI3260\csci3260proj\csci3260proj\main.cpp(502,74): warning C4267: 'argument': conversion from 'size_t' to 'GLsizei', possible loss of data
D:\CSCI3260\csci3260proj\csci3260proj\main.cpp(519,22): warning C4244: 'initializing': conversion from 'double' to 'float', possible loss of data
  Model.cpp
  Shader.cpp
  Texture.cpp
  Generating Code...
LINK : warning LNK4098: defaultlib 'MSVCRT' conflicts with use of other libs; use /NODEFAULTLIB:library
  csci3260proj.vcxproj -> D:\CSCI3260\csci3260proj\x64\Debug\csci3260proj.exe
